0 info it worked if it ends with ok
1 verbose cli [ 'C:\\Program Files\\nodejs\\node.exe',
1 verbose cli   'C:\\Program Files\\nodejs\\node_modules\\npm\\bin\\npm-cli.js',
1 verbose cli   'install',
1 verbose cli   'gulp-sass',
1 verbose cli   '--save-dev' ]
2 info using npm@3.10.10
3 info using node@v7.3.0
4 silly loadCurrentTree Starting
5 silly install loadCurrentTree
6 silly install readLocalPackageData
7 silly fetchPackageMetaData gulp-sass@file:gulp-sass
8 silly fetchOtherPackageData gulp-sass@file:gulp-sass
9 silly cache add args [ 'gulp-sass@file:gulp-sass', null ]
10 verbose cache add spec gulp-sass@file:gulp-sass
11 silly cache add parsed spec Result {
11 silly cache add   raw: 'gulp-sass@file:gulp-sass',
11 silly cache add   scope: null,
11 silly cache add   escapedName: 'gulp-sass',
11 silly cache add   name: 'gulp-sass',
11 silly cache add   rawSpec: 'file:gulp-sass',
11 silly cache add   spec: 'X:\\Documents\\Development\\portfolio-website\\carlsim.github.io\\gulp-sass',
11 silly cache add   type: 'local' }
12 error addLocal Could not install X:\Documents\Development\portfolio-website\carlsim.github.io\gulp-sass
13 silly fetchPackageMetaData Error: ENOENT: no such file or directory, open 'X:\Documents\Development\portfolio-website\carlsim.github.io\gulp-sass'
13 silly fetchPackageMetaData  error for gulp-sass@file:gulp-sass { Error: ENOENT: no such file or directory, open 'X:\Documents\Development\portfolio-website\carlsim.github.io\gulp-sass'
13 silly fetchPackageMetaData   errno: -4058,
13 silly fetchPackageMetaData   code: 'ENOENT',
13 silly fetchPackageMetaData   syscall: 'open',
13 silly fetchPackageMetaData   path: 'X:\\Documents\\Development\\portfolio-website\\carlsim.github.io\\gulp-sass' }
14 silly rollbackFailedOptional Starting
15 silly rollbackFailedOptional Finishing
16 silly runTopLevelLifecycles Finishing
17 silly install printInstalled
18 verbose stack Error: ENOENT: no such file or directory, open 'X:\Documents\Development\portfolio-website\carlsim.github.io\gulp-sass'
19 verbose cwd X:\Documents\Development\portfolio-website\carlsim.github.io
20 error Windows_NT 10.0.16299
21 error argv "C:\\Program Files\\nodejs\\node.exe" "C:\\Program Files\\nodejs\\node_modules\\npm\\bin\\npm-cli.js" "install" "gulp-sass" "--save-dev"
22 error node v7.3.0
23 error npm  v3.10.10
24 error path X:\Documents\Development\portfolio-website\carlsim.github.io\gulp-sass
25 error code ENOENT
26 error errno -4058
27 error syscall open
28 error enoent ENOENT: no such file or directory, open 'X:\Documents\Development\portfolio-website\carlsim.github.io\gulp-sass'
29 error enoent ENOENT: no such file or directory, open 'X:\Documents\Development\portfolio-website\carlsim.github.io\gulp-sass'
29 error enoent This is most likely not a problem with npm itself
29 error enoent and is related to npm not being able to find a file.
30 verbose exit [ -4058, true ]
